Initializing clustering task
Launch clustering of 629288 objvoxels in 1 parallel jobs...
Clustering took 4173.64 seconds
Analyzing clusters ...
Finished !
----------------------------------------
A total of 3730 objects has been found.
Class 1: 264 objects
Class 2: 224 objects
Class 3: 168 objects
Class 4: 118 objects
Class 5: 96 objects
Class 6: 50 objects
Class 7: 241 objects
Class 8: 68 objects
Class 9: 140 objects
Class 10: 44 objects
Class 11: 72 objects
Class 12: 10 objects
Class 13: 48 objects
Class 14: 2179 objects
Class 15: 8 objects
