Initializing clustering task
Launch clustering of 635271 objvoxels in 1 parallel jobs...
Clustering took 2670.44 seconds
Analyzing clusters ...
Finished !
----------------------------------------
A total of 3545 objects has been found.
Class 1: 308 objects
Class 2: 124 objects
Class 3: 157 objects
Class 4: 131 objects
Class 5: 103 objects
Class 6: 36 objects
Class 7: 270 objects
Class 8: 89 objects
Class 9: 83 objects
Class 10: 54 objects
Class 11: 68 objects
Class 12: 12 objects
Class 13: 116 objects
Class 14: 1986 objects
Class 15: 8 objects
