Initializing clustering task
Launch clustering of 609908 objvoxels in 1 parallel jobs...
Clustering took 2328.75 seconds
Analyzing clusters ...
Finished !
----------------------------------------
A total of 3462 objects has been found.
Class 1: 288 objects
Class 2: 125 objects
Class 3: 138 objects
Class 4: 134 objects
Class 5: 113 objects
Class 6: 44 objects
Class 7: 265 objects
Class 8: 96 objects
Class 9: 53 objects
Class 10: 56 objects
Class 11: 28 objects
Class 13: 118 objects
Class 14: 1999 objects
Class 15: 5 objects
