Initializing clustering task
Launch clustering of 633070 objvoxels in 1 parallel jobs...
Clustering took 5140.22 seconds
Analyzing clusters ...
Finished !
----------------------------------------
A total of 3519 objects has been found.
Class 1: 259 objects
Class 2: 146 objects
Class 3: 134 objects
Class 4: 128 objects
Class 5: 122 objects
Class 6: 87 objects
Class 7: 133 objects
Class 8: 80 objects
Class 9: 165 objects
Class 10: 25 objects
Class 11: 37 objects
Class 12: 46 objects
Class 13: 147 objects
Class 14: 2001 objects
Class 15: 9 objects
