Initializing clustering task
Launch clustering of 620108 objvoxels in 1 parallel jobs...
Clustering took 3769.94 seconds
Analyzing clusters ...
Finished !
----------------------------------------
A total of 3626 objects has been found.
Class 1: 271 objects
Class 2: 184 objects
Class 3: 202 objects
Class 4: 124 objects
Class 5: 84 objects
Class 6: 48 objects
Class 7: 244 objects
Class 8: 88 objects
Class 9: 123 objects
Class 10: 44 objects
Class 11: 25 objects
Class 12: 11 objects
Class 13: 55 objects
Class 14: 2120 objects
Class 15: 3 objects
