Initializing clustering task
Launch clustering of 644421 objvoxels in 1 parallel jobs...
Clustering took 5285.44 seconds
Analyzing clusters ...
Finished !
----------------------------------------
A total of 3504 objects has been found.
Class 1: 260 objects
Class 2: 119 objects
Class 3: 150 objects
Class 4: 131 objects
Class 5: 141 objects
Class 6: 207 objects
Class 7: 92 objects
Class 8: 67 objects
Class 9: 50 objects
Class 10: 56 objects
Class 11: 13 objects
Class 12: 35 objects
Class 13: 141 objects
Class 14: 2032 objects
Class 15: 10 objects
