Initializing clustering task
Launch clustering of 649679 objvoxels in 1 parallel jobs...
Clustering took 1080.66 seconds
Analyzing clusters ...
Finished !
----------------------------------------
A total of 3763 objects has been found.
Class 1: 262 objects
Class 2: 240 objects
Class 3: 171 objects
Class 4: 124 objects
Class 5: 102 objects
Class 6: 35 objects
Class 7: 204 objects
Class 8: 85 objects
Class 9: 114 objects
Class 10: 71 objects
Class 11: 52 objects
Class 12: 15 objects
Class 13: 25 objects
Class 14: 2255 objects
Class 15: 8 objects
