Initializing clustering task
Launch clustering of 629106 objvoxels in 1 parallel jobs...
Clustering took 1444.85 seconds
Analyzing clusters ...
Finished !
----------------------------------------
A total of 3655 objects has been found.
Class 1: 260 objects
Class 2: 230 objects
Class 3: 123 objects
Class 4: 111 objects
Class 5: 119 objects
Class 6: 156 objects
Class 7: 104 objects
Class 8: 72 objects
Class 9: 121 objects
Class 10: 32 objects
Class 11: 58 objects
Class 12: 89 objects
Class 13: 98 objects
Class 14: 2074 objects
Class 15: 8 objects
