Initializing clustering task
Launch clustering of 575596 objvoxels in 1 parallel jobs...
Clustering took 3738.65 seconds
Analyzing clusters ...
Finished !
----------------------------------------
A total of 3355 objects has been found.
Class 1: 261 objects
Class 2: 195 objects
Class 3: 146 objects
Class 4: 110 objects
Class 5: 119 objects
Class 6: 69 objects
Class 7: 131 objects
Class 8: 54 objects
Class 9: 125 objects
Class 10: 38 objects
Class 11: 24 objects
Class 12: 103 objects
Class 13: 104 objects
Class 14: 1867 objects
Class 15: 9 objects
