Initializing clustering task
Launch clustering of 692776 objvoxels in 1 parallel jobs...
Clustering took 4721.95 seconds
Analyzing clusters ...
Finished !
----------------------------------------
A total of 3776 objects has been found.
Class 1: 260 objects
Class 2: 133 objects
Class 3: 156 objects
Class 4: 133 objects
Class 5: 124 objects
Class 6: 127 objects
Class 7: 139 objects
Class 8: 101 objects
Class 9: 124 objects
Class 10: 39 objects
Class 11: 67 objects
Class 12: 49 objects
Class 13: 159 objects
Class 14: 2156 objects
Class 15: 9 objects
