Initializing clustering task
Launch clustering of 796048 objvoxels in 1 parallel jobs...
Clustering took 329.78 seconds
Analyzing clusters ...
Finished !
----------------------------------------
A total of 4464 objects has been found.
Class 1: 262 objects
Class 2: 117 objects
Class 3: 128 objects
Class 4: 128 objects
Class 5: 137 objects
Class 6: 120 objects
Class 7: 122 objects
Class 8: 88 objects
Class 9: 99 objects
Class 10: 47 objects
Class 11: 48 objects
Class 12: 45 objects
Class 13: 140 objects
Class 14: 2983 objects
