Initializing clustering task
Launch clustering of 613913 objvoxels in 1 parallel jobs...
Clustering took 1297.55 seconds
Analyzing clusters ...
Finished !
----------------------------------------
A total of 3561 objects has been found.
Class 1: 271 objects
Class 2: 145 objects
Class 3: 157 objects
Class 4: 135 objects
Class 5: 100 objects
Class 6: 44 objects
Class 7: 295 objects
Class 8: 81 objects
Class 9: 97 objects
Class 10: 58 objects
Class 11: 24 objects
Class 12: 13 objects
Class 13: 103 objects
Class 14: 2033 objects
Class 15: 5 objects
