Initializing clustering task
Launch clustering of 637834 objvoxels in 1 parallel jobs...
Clustering took 2516.68 seconds
Analyzing clusters ...
Finished !
----------------------------------------
A total of 3539 objects has been found.
Class 1: 316 objects
Class 2: 115 objects
Class 3: 164 objects
Class 4: 129 objects
Class 5: 92 objects
Class 6: 8 objects
Class 7: 296 objects
Class 8: 65 objects
Class 9: 103 objects
Class 10: 9 objects
Class 11: 25 objects
Class 12: 15 objects
Class 13: 140 objects
Class 14: 2053 objects
Class 15: 9 objects
