Initializing clustering task
Launch clustering of 676262 objvoxels in 1 parallel jobs...
Clustering took 1815.39 seconds
Analyzing clusters ...
Finished !
----------------------------------------
A total of 3616 objects has been found.
Class 1: 261 objects
Class 2: 131 objects
Class 3: 151 objects
Class 4: 130 objects
Class 5: 131 objects
Class 6: 118 objects
Class 7: 87 objects
Class 8: 114 objects
Class 9: 121 objects
Class 10: 35 objects
Class 11: 59 objects
Class 12: 16 objects
Class 13: 136 objects
Class 14: 2117 objects
Class 15: 9 objects
