Initializing clustering task
Launch clustering of 620101 objvoxels in 1 parallel jobs...
Clustering took 4692.45 seconds
Analyzing clusters ...
Finished !
----------------------------------------
A total of 3545 objects has been found.
Class 1: 261 objects
Class 2: 147 objects
Class 3: 140 objects
Class 4: 132 objects
Class 5: 136 objects
Class 6: 87 objects
Class 7: 118 objects
Class 8: 120 objects
Class 9: 126 objects
Class 10: 63 objects
Class 11: 35 objects
Class 12: 52 objects
Class 13: 145 objects
Class 14: 1973 objects
Class 15: 10 objects
