Initializing clustering task
Launch clustering of 681378 objvoxels in 1 parallel jobs...
Clustering took 4839.15 seconds
Analyzing clusters ...
Finished !
----------------------------------------
A total of 3600 objects has been found.
Class 1: 260 objects
Class 2: 126 objects
Class 3: 158 objects
Class 4: 131 objects
Class 5: 129 objects
Class 6: 109 objects
Class 7: 89 objects
Class 8: 123 objects
Class 9: 117 objects
Class 10: 34 objects
Class 11: 57 objects
Class 12: 29 objects
Class 13: 146 objects
Class 14: 2083 objects
Class 15: 9 objects
