Initializing clustering task
Launch clustering of 623815 objvoxels in 1 parallel jobs...
Clustering took 2727.77 seconds
Analyzing clusters ...
Finished !
----------------------------------------
A total of 3745 objects has been found.
Class 1: 269 objects
Class 2: 207 objects
Class 3: 173 objects
Class 4: 128 objects
Class 5: 105 objects
Class 6: 38 objects
Class 7: 251 objects
Class 8: 73 objects
Class 9: 138 objects
Class 10: 48 objects
Class 11: 46 objects
Class 12: 7 objects
Class 13: 56 objects
Class 14: 2201 objects
Class 15: 5 objects
