Initializing clustering task
Launch clustering of 640865 objvoxels in 1 parallel jobs...
Clustering took 1465.78 seconds
Analyzing clusters ...
Finished !
----------------------------------------
A total of 3647 objects has been found.
Class 1: 298 objects
Class 2: 184 objects
Class 3: 188 objects
Class 4: 128 objects
Class 5: 66 objects
Class 6: 41 objects
Class 7: 321 objects
Class 8: 61 objects
Class 9: 167 objects
Class 10: 31 objects
Class 11: 40 objects
Class 12: 12 objects
Class 13: 88 objects
Class 14: 2015 objects
Class 15: 7 objects
