Initializing clustering task
Launch clustering of 850778 objvoxels in 1 parallel jobs...
Clustering took 2840.87 seconds
Analyzing clusters ...
Finished !
----------------------------------------
A total of 4667 objects has been found.
Class 1: 260 objects
Class 2: 117 objects
Class 3: 130 objects
Class 4: 123 objects
Class 5: 138 objects
Class 6: 118 objects
Class 7: 118 objects
Class 8: 87 objects
Class 9: 100 objects
Class 10: 47 objects
Class 11: 40 objects
Class 12: 40 objects
Class 13: 134 objects
Class 14: 3207 objects
Class 15: 8 objects
