Initializing clustering task
Launch clustering of 615042 objvoxels in 1 parallel jobs...
Clustering took 4706.73 seconds
Analyzing clusters ...
Finished !
----------------------------------------
A total of 3560 objects has been found.
Class 1: 260 objects
Class 2: 183 objects
Class 3: 169 objects
Class 4: 116 objects
Class 5: 101 objects
Class 6: 153 objects
Class 7: 128 objects
Class 8: 66 objects
Class 9: 164 objects
Class 10: 31 objects
Class 11: 32 objects
Class 12: 80 objects
Class 13: 123 objects
Class 14: 1946 objects
Class 15: 8 objects
