Initializing clustering task
Launch clustering of 818064 objvoxels in 1 parallel jobs...
Clustering took 365.07 seconds
Analyzing clusters ...
Finished !
----------------------------------------
A total of 4630 objects has been found.
Class 1: 262 objects
Class 2: 120 objects
Class 3: 130 objects
Class 4: 121 objects
Class 5: 136 objects
Class 6: 114 objects
Class 7: 116 objects
Class 8: 88 objects
Class 9: 98 objects
Class 10: 45 objects
Class 11: 43 objects
Class 12: 40 objects
Class 13: 135 objects
Class 14: 3174 objects
Class 15: 8 objects
