Initializing clustering task
Launch clustering of 824316 objvoxels in 1 parallel jobs...
Clustering took 3505.51 seconds
Analyzing clusters ...
Finished !
----------------------------------------
A total of 4636 objects has been found.
Class 1: 260 objects
Class 2: 115 objects
Class 3: 147 objects
Class 4: 127 objects
Class 5: 137 objects
Class 6: 116 objects
Class 7: 121 objects
Class 8: 87 objects
Class 9: 101 objects
Class 10: 45 objects
Class 11: 41 objects
Class 12: 39 objects
Class 13: 144 objects
Class 14: 3147 objects
Class 15: 9 objects
