Initializing clustering task
Launch clustering of 582816 objvoxels in 1 parallel jobs...
Clustering took 1095.39 seconds
Analyzing clusters ...
Finished !
----------------------------------------
A total of 3427 objects has been found.
Class 1: 261 objects
Class 2: 193 objects
Class 3: 143 objects
Class 4: 114 objects
Class 5: 118 objects
Class 6: 116 objects
Class 7: 90 objects
Class 8: 64 objects
Class 9: 115 objects
Class 10: 34 objects
Class 11: 31 objects
Class 12: 64 objects
Class 13: 91 objects
Class 14: 1985 objects
Class 15: 8 objects
