Initializing clustering task
Launch clustering of 640607 objvoxels in 1 parallel jobs...
Clustering took 2963.25 seconds
Analyzing clusters ...
Finished !
----------------------------------------
A total of 3573 objects has been found.
Class 1: 268 objects
Class 2: 211 objects
Class 3: 170 objects
Class 4: 136 objects
Class 5: 108 objects
Class 6: 33 objects
Class 7: 271 objects
Class 8: 63 objects
Class 9: 136 objects
Class 10: 30 objects
Class 11: 40 objects
Class 12: 37 objects
Class 13: 54 objects
Class 14: 2016 objects
