Initializing clustering task
Launch clustering of 659859 objvoxels in 1 parallel jobs...
Clustering took 1936.23 seconds
Analyzing clusters ...
Finished !
----------------------------------------
A total of 3732 objects has been found.
Class 1: 261 objects
Class 2: 131 objects
Class 3: 158 objects
Class 4: 131 objects
Class 5: 115 objects
Class 6: 155 objects
Class 7: 135 objects
Class 8: 77 objects
Class 9: 196 objects
Class 10: 37 objects
Class 11: 30 objects
Class 12: 41 objects
Class 13: 147 objects
Class 14: 2110 objects
Class 15: 8 objects
