Initializing clustering task
Launch clustering of 693844 objvoxels in 1 parallel jobs...
Clustering took 5055.73 seconds
Analyzing clusters ...
Finished !
----------------------------------------
A total of 3688 objects has been found.
Class 1: 260 objects
Class 2: 128 objects
Class 3: 155 objects
Class 4: 128 objects
Class 5: 124 objects
Class 6: 136 objects
Class 7: 126 objects
Class 8: 85 objects
Class 9: 114 objects
Class 10: 60 objects
Class 11: 36 objects
Class 12: 43 objects
Class 13: 151 objects
Class 14: 2134 objects
Class 15: 8 objects
