Initializing clustering task
Launch clustering of 623396 objvoxels in 1 parallel jobs...
Clustering took 4727.40 seconds
Analyzing clusters ...
Finished !
----------------------------------------
A total of 3478 objects has been found.
Class 1: 260 objects
Class 2: 130 objects
Class 3: 165 objects
Class 4: 128 objects
Class 5: 130 objects
Class 6: 193 objects
Class 7: 84 objects
Class 8: 62 objects
Class 9: 90 objects
Class 10: 35 objects
Class 11: 35 objects
Class 12: 35 objects
Class 13: 142 objects
Class 14: 1980 objects
Class 15: 9 objects
