Initializing clustering task
Launch clustering of 638996 objvoxels in 1 parallel jobs...
Clustering took 3930.64 seconds
Analyzing clusters ...
Finished !
----------------------------------------
A total of 3660 objects has been found.
Class 1: 260 objects
Class 2: 155 objects
Class 3: 167 objects
Class 4: 117 objects
Class 5: 112 objects
Class 6: 230 objects
Class 7: 111 objects
Class 8: 46 objects
Class 9: 74 objects
Class 10: 43 objects
Class 11: 21 objects
Class 12: 55 objects
Class 13: 148 objects
Class 14: 2112 objects
Class 15: 9 objects
