Initializing clustering task
Launch clustering of 616021 objvoxels in 1 parallel jobs...
Clustering took 2624.45 seconds
Analyzing clusters ...
Finished !
----------------------------------------
A total of 3401 objects has been found.
Class 1: 259 objects
Class 2: 143 objects
Class 3: 143 objects
Class 4: 129 objects
Class 5: 129 objects
Class 6: 134 objects
Class 7: 47 objects
Class 8: 74 objects
Class 9: 140 objects
Class 10: 35 objects
Class 11: 28 objects
Class 12: 34 objects
Class 13: 141 objects
Class 14: 1957 objects
Class 15: 8 objects
