Initializing clustering task
Launch clustering of 625410 objvoxels in 1 parallel jobs...
Clustering took 4369.36 seconds
Analyzing clusters ...
Finished !
----------------------------------------
A total of 3507 objects has been found.
Class 1: 260 objects
Class 2: 168 objects
Class 3: 111 objects
Class 4: 130 objects
Class 5: 135 objects
Class 6: 142 objects
Class 7: 99 objects
Class 8: 78 objects
Class 9: 83 objects
Class 10: 50 objects
Class 11: 29 objects
Class 12: 44 objects
Class 13: 142 objects
Class 14: 2027 objects
Class 15: 9 objects
