Initializing clustering task
Launch clustering of 654646 objvoxels in 1 parallel jobs...
Clustering took 4446.89 seconds
Analyzing clusters ...
Finished !
----------------------------------------
A total of 3539 objects has been found.
Class 1: 260 objects
Class 2: 130 objects
Class 3: 145 objects
Class 4: 132 objects
Class 5: 126 objects
Class 6: 133 objects
Class 7: 83 objects
Class 8: 71 objects
Class 9: 100 objects
Class 10: 57 objects
Class 11: 26 objects
Class 12: 41 objects
Class 13: 139 objects
Class 14: 2087 objects
Class 15: 9 objects
