Initializing clustering task
Launch clustering of 635898 objvoxels in 1 parallel jobs...
Clustering took 3645.18 seconds
Analyzing clusters ...
Finished !
----------------------------------------
A total of 3706 objects has been found.
Class 1: 267 objects
Class 2: 171 objects
Class 3: 183 objects
Class 4: 113 objects
Class 5: 100 objects
Class 6: 51 objects
Class 7: 250 objects
Class 8: 83 objects
Class 9: 84 objects
Class 10: 39 objects
Class 11: 59 objects
Class 12: 17 objects
Class 13: 75 objects
Class 14: 2206 objects
Class 15: 8 objects
