Initializing clustering task
Launch clustering of 639139 objvoxels in 1 parallel jobs...
Clustering took 3813.05 seconds
Analyzing clusters ...
Finished !
----------------------------------------
A total of 3707 objects has been found.
Class 1: 264 objects
Class 2: 200 objects
Class 3: 184 objects
Class 4: 116 objects
Class 5: 107 objects
Class 6: 23 objects
Class 7: 238 objects
Class 8: 128 objects
Class 9: 130 objects
Class 10: 32 objects
Class 11: 30 objects
Class 12: 25 objects
Class 13: 51 objects
Class 14: 2175 objects
Class 15: 4 objects
