Initializing clustering task
Launch clustering of 644083 objvoxels in 1 parallel jobs...
Clustering took 4451.68 seconds
Analyzing clusters ...
Finished !
----------------------------------------
A total of 3648 objects has been found.
Class 1: 260 objects
Class 2: 146 objects
Class 3: 148 objects
Class 4: 124 objects
Class 5: 109 objects
Class 6: 104 objects
Class 7: 125 objects
Class 8: 56 objects
Class 9: 163 objects
Class 10: 37 objects
Class 11: 21 objects
Class 12: 54 objects
Class 13: 149 objects
Class 14: 2143 objects
Class 15: 9 objects
