Initializing clustering task
Launch clustering of 638648 objvoxels in 1 parallel jobs...
Clustering took 1846.13 seconds
Analyzing clusters ...
Finished !
----------------------------------------
A total of 3608 objects has been found.
Class 1: 273 objects
Class 2: 175 objects
Class 3: 192 objects
Class 4: 133 objects
Class 5: 77 objects
Class 6: 71 objects
Class 7: 268 objects
Class 8: 85 objects
Class 9: 72 objects
Class 10: 32 objects
Class 11: 28 objects
Class 12: 16 objects
Class 13: 85 objects
Class 14: 2098 objects
Class 15: 3 objects
