Initializing clustering task
Launch clustering of 620963 objvoxels in 1 parallel jobs...
Clustering took 2319.62 seconds
Analyzing clusters ...
Finished !
----------------------------------------
A total of 3566 objects has been found.
Class 1: 272 objects
Class 2: 149 objects
Class 3: 150 objects
Class 4: 133 objects
Class 5: 117 objects
Class 6: 48 objects
Class 7: 258 objects
Class 8: 100 objects
Class 9: 84 objects
Class 10: 59 objects
Class 11: 36 objects
Class 12: 10 objects
Class 13: 123 objects
Class 14: 2019 objects
Class 15: 8 objects
