Initializing clustering task
Launch clustering of 640189 objvoxels in 1 parallel jobs...
Clustering took 815.46 seconds
Analyzing clusters ...
Finished !
----------------------------------------
A total of 3490 objects has been found.
Class 1: 260 objects
Class 2: 135 objects
Class 3: 135 objects
Class 4: 125 objects
Class 5: 129 objects
Class 6: 163 objects
Class 7: 108 objects
Class 8: 72 objects
Class 9: 87 objects
Class 10: 42 objects
Class 11: 17 objects
Class 12: 17 objects
Class 13: 143 objects
Class 14: 2049 objects
Class 15: 8 objects
