Initializing clustering task
Launch clustering of 639239 objvoxels in 1 parallel jobs...
Clustering took 1114.40 seconds
Analyzing clusters ...
Finished !
----------------------------------------
A total of 3586 objects has been found.
Class 1: 285 objects
Class 2: 141 objects
Class 3: 188 objects
Class 4: 128 objects
Class 5: 74 objects
Class 6: 32 objects
Class 7: 315 objects
Class 8: 72 objects
Class 9: 91 objects
Class 10: 61 objects
Class 11: 103 objects
Class 12: 5 objects
Class 13: 126 objects
Class 14: 1958 objects
Class 15: 7 objects
