Initializing clustering task
Launch clustering of 618545 objvoxels in 1 parallel jobs...
Clustering took 2467.57 seconds
Analyzing clusters ...
Finished !
----------------------------------------
A total of 3627 objects has been found.
Class 1: 289 objects
Class 2: 197 objects
Class 3: 198 objects
Class 4: 123 objects
Class 5: 80 objects
Class 6: 27 objects
Class 7: 308 objects
Class 8: 69 objects
Class 9: 138 objects
Class 10: 39 objects
Class 11: 35 objects
Class 12: 36 objects
Class 13: 71 objects
Class 14: 2013 objects
Class 15: 4 objects
