Initializing clustering task
Launch clustering of 838206 objvoxels in 1 parallel jobs...
Clustering took 5086.91 seconds
Analyzing clusters ...
Finished !
----------------------------------------
A total of 4473 objects has been found.
Class 1: 266 objects
Class 2: 131 objects
Class 3: 132 objects
Class 4: 124 objects
Class 5: 137 objects
Class 7: 116 objects
Class 8: 88 objects
Class 9: 102 objects
Class 10: 47 objects
Class 11: 42 objects
Class 12: 42 objects
Class 13: 135 objects
Class 14: 3111 objects
