Initializing clustering task
Launch clustering of 670823 objvoxels in 1 parallel jobs...
Clustering took 1535.65 seconds
Analyzing clusters ...
Finished !
----------------------------------------
A total of 3659 objects has been found.
Class 1: 260 objects
Class 2: 131 objects
Class 3: 147 objects
Class 4: 130 objects
Class 5: 123 objects
Class 6: 118 objects
Class 7: 152 objects
Class 8: 80 objects
Class 9: 114 objects
Class 10: 46 objects
Class 11: 45 objects
Class 12: 12 objects
Class 13: 160 objects
Class 14: 2133 objects
Class 15: 8 objects
