Initializing clustering task
Launch clustering of 644191 objvoxels in 1 parallel jobs...
Clustering took 2981.79 seconds
Analyzing clusters ...
Finished !
----------------------------------------
A total of 3485 objects has been found.
Class 1: 261 objects
Class 2: 194 objects
Class 3: 131 objects
Class 4: 127 objects
Class 5: 93 objects
Class 6: 185 objects
Class 7: 76 objects
Class 8: 65 objects
Class 9: 103 objects
Class 10: 27 objects
Class 11: 19 objects
Class 12: 33 objects
Class 13: 136 objects
Class 14: 2026 objects
Class 15: 9 objects
