Initializing clustering task
Launch clustering of 636314 objvoxels in 1 parallel jobs...
Clustering took 2402.68 seconds
Analyzing clusters ...
Finished !
----------------------------------------
A total of 3509 objects has been found.
Class 1: 260 objects
Class 2: 139 objects
Class 3: 139 objects
Class 4: 132 objects
Class 5: 133 objects
Class 6: 150 objects
Class 7: 149 objects
Class 8: 55 objects
Class 9: 79 objects
Class 10: 46 objects
Class 11: 22 objects
Class 12: 28 objects
Class 13: 153 objects
Class 14: 2014 objects
Class 15: 10 objects
