Initializing clustering task
Launch clustering of 614691 objvoxels in 1 parallel jobs...
Clustering took 537.33 seconds
Analyzing clusters ...
Finished !
----------------------------------------
A total of 3511 objects has been found.
Class 1: 309 objects
Class 2: 197 objects
Class 3: 136 objects
Class 4: 134 objects
Class 5: 102 objects
Class 6: 53 objects
Class 7: 258 objects
Class 8: 49 objects
Class 9: 69 objects
Class 10: 74 objects
Class 11: 50 objects
Class 12: 12 objects
Class 13: 81 objects
Class 14: 1986 objects
Class 15: 1 objects
