Initializing clustering task
Launch clustering of 626509 objvoxels in 1 parallel jobs...
Clustering took 1680.15 seconds
Analyzing clusters ...
Finished !
----------------------------------------
A total of 3570 objects has been found.
Class 1: 295 objects
Class 2: 175 objects
Class 3: 161 objects
Class 4: 132 objects
Class 5: 91 objects
Class 6: 62 objects
Class 7: 205 objects
Class 8: 69 objects
Class 9: 109 objects
Class 10: 60 objects
Class 11: 38 objects
Class 12: 67 objects
Class 13: 97 objects
Class 14: 2002 objects
Class 15: 7 objects
