Initializing clustering task
Launch clustering of 606623 objvoxels in 1 parallel jobs...
Clustering took 1050.72 seconds
Analyzing clusters ...
Finished !
----------------------------------------
A total of 3419 objects has been found.
Class 1: 258 objects
Class 2: 133 objects
Class 3: 139 objects
Class 4: 127 objects
Class 5: 140 objects
Class 6: 120 objects
Class 7: 112 objects
Class 8: 56 objects
Class 9: 109 objects
Class 10: 33 objects
Class 11: 30 objects
Class 12: 35 objects
Class 13: 157 objects
Class 14: 1960 objects
Class 15: 10 objects
