Initializing clustering task
Launch clustering of 947309 objvoxels in 1 parallel jobs...
Clustering took 564.87 seconds
Analyzing clusters ...
Finished !
----------------------------------------
A total of 5025 objects has been found.
Class 1: 260 objects
Class 2: 119 objects
Class 3: 143 objects
Class 4: 126 objects
Class 5: 138 objects
Class 6: 113 objects
Class 7: 117 objects
Class 8: 86 objects
Class 9: 97 objects
Class 10: 43 objects
Class 11: 42 objects
Class 12: 39 objects
Class 13: 137 objects
Class 14: 3556 objects
Class 15: 9 objects
