Initializing clustering task
Launch clustering of 643253 objvoxels in 1 parallel jobs...
Clustering took 3523.20 seconds
Analyzing clusters ...
Finished !
----------------------------------------
A total of 3455 objects has been found.
Class 1: 260 objects
Class 2: 173 objects
Class 3: 131 objects
Class 4: 130 objects
Class 5: 126 objects
Class 6: 103 objects
Class 7: 161 objects
Class 8: 40 objects
Class 9: 71 objects
Class 10: 27 objects
Class 11: 39 objects
Class 12: 50 objects
Class 13: 144 objects
Class 14: 1991 objects
Class 15: 9 objects
